
PLAY [local] ****************************************************************** 

GATHERING FACTS *************************************************************** 
<localhost> ESTABLISH CONNECTION FOR USER: ramessne on PORT 22 TO localhost
<localhost> EXEC /bin/sh -c 'mkdir -p $HOME/.ansible/tmp/ansible-1392230888.42-28517066345112 && chmod a+rx $HOME/.ansible/tmp/ansible-1392230888.42-28517066345112 && echo $HOME/.ansible/tmp/ansible-1392230888.42-28517066345112'
<localhost> REMOTE_MODULE setup 
<localhost> PUT /tmp/tmpEqkANq TO /home/ramessne/.ansible/tmp/ansible-1392230888.42-28517066345112/setup
<localhost> EXEC /bin/sh -c '/usr/bin/python /home/ramessne/.ansible/tmp/ansible-1392230888.42-28517066345112/setup; rm -rf /home/ramessne/.ansible/tmp/ansible-1392230888.42-28517066345112/ >/dev/null 2>&1'
ok: [localhost]

TASK: [Debug un message] ****************************************************** 
<localhost> ESTABLISH CONNECTION FOR USER: ramessne on PORT 22 TO localhost
ok: [localhost] => {
    "msg": "Mon message"
}

TASK: [attente] *************************************************************** 
<localhost> ESTABLISH CONNECTION FOR USER: ramessne on PORT 22 TO localhost
<localhost> EXEC /bin/sh -c 'mkdir -p $HOME/.ansible/tmp/ansible-1392230890.41-167652487595629 && chmod a+rx $HOME/.ansible/tmp/ansible-1392230890.41-167652487595629 && echo $HOME/.ansible/tmp/ansible-1392230890.41-167652487595629'
<localhost> REMOTE_MODULE wait_for path=/home/ramessne/ansible-playbooks/hosts delay=30 timeout=60
<localhost> PUT /tmp/tmpeup1nr TO /home/ramessne/.ansible/tmp/ansible-1392230890.41-167652487595629/wait_for
<localhost> EXEC /bin/sh -c '/usr/bin/python /home/ramessne/.ansible/tmp/ansible-1392230890.41-167652487595629/wait_for; rm -rf /home/ramessne/.ansible/tmp/ansible-1392230890.41-167652487595629/ >/dev/null 2>&1'
failed: [localhost] => {"elapsed": 60, "failed": true}
msg: Timeout when waiting for file /home/ramessne/ansible-playbooks/hosts

FATAL: all hosts have already failed -- aborting

PLAY RECAP ******************************************************************** 
           to retry, use: --limit @/home/ramessne/site.retry

localhost                  : ok=2    changed=0    unreachable=0    failed=1   

