
PLAY [local] ****************************************************************** 

GATHERING FACTS *************************************************************** 
<localhost> ESTABLISH CONNECTION FOR USER: ramessne on PORT 22 TO localhost
<localhost> EXEC /bin/sh -c 'mkdir -p $HOME/.ansible/tmp/ansible-1391952415.96-207096760165178 && chmod a+rx $HOME/.ansible/tmp/ansible-1391952415.96-207096760165178 && echo $HOME/.ansible/tmp/ansible-1391952415.96-207096760165178'
<localhost> REMOTE_MODULE setup 
<localhost> PUT /tmp/tmpB6HPLJ TO /home/ramessne/.ansible/tmp/ansible-1391952415.96-207096760165178/setup
<localhost> EXEC /bin/sh -c '/usr/bin/python /home/ramessne/.ansible/tmp/ansible-1391952415.96-207096760165178/setup; rm -rf /home/ramessne/.ansible/tmp/ansible-1391952415.96-207096760165178/ >/dev/null 2>&1'
ok: [localhost]

TASK: [Debug un message] ****************************************************** 
<localhost> ESTABLISH CONNECTION FOR USER: ramessne on PORT 22 TO localhost
ok: [localhost] => {
    "msg": "Mon message"
}

TASK: [attente] *************************************************************** 
<localhost> ESTABLISH CONNECTION FOR USER: ramessne on PORT 22 TO localhost
<localhost> EXEC /bin/sh -c 'mkdir -p $HOME/.ansible/tmp/ansible-1391952422.47-176566748291094 && chmod a+rx $HOME/.ansible/tmp/ansible-1391952422.47-176566748291094 && echo $HOME/.ansible/tmp/ansible-1391952422.47-176566748291094'
<localhost> REMOTE_MODULE wait_for path=/home/ramessne/ansible-playbooks/hosts delay=30 timeout=60
<localhost> PUT /tmp/tmpLIftSv TO /home/ramessne/.ansible/tmp/ansible-1391952422.47-176566748291094/wait_for
<localhost> EXEC /bin/sh -c '/usr/bin/python /home/ramessne/.ansible/tmp/ansible-1391952422.47-176566748291094/wait_for; rm -rf /home/ramessne/.ansible/tmp/ansible-1391952422.47-176566748291094/ >/dev/null 2>&1'
failed: [localhost] => {"elapsed": 60, "failed": true}
msg: Timeout when waiting for file /home/ramessne/ansible-playbooks/hosts

FATAL: all hosts have already failed -- aborting

PLAY RECAP ******************************************************************** 
           to retry, use: --limit @/home/ramessne/site.retry

localhost                  : ok=2    changed=0    unreachable=0    failed=1   

