
PLAY [local] ****************************************************************** 

GATHERING FACTS *************************************************************** 
<localhost> ESTABLISH CONNECTION FOR USER: ramessne on PORT 22 TO localhost
<localhost> EXEC /bin/sh -c 'mkdir -p $HOME/.ansible/tmp/ansible-1392231077.68-127674175129160 && chmod a+rx $HOME/.ansible/tmp/ansible-1392231077.68-127674175129160 && echo $HOME/.ansible/tmp/ansible-1392231077.68-127674175129160'
<localhost> REMOTE_MODULE setup 
<localhost> PUT /tmp/tmp8_gurn TO /home/ramessne/.ansible/tmp/ansible-1392231077.68-127674175129160/setup
<localhost> EXEC /bin/sh -c '/usr/bin/python /home/ramessne/.ansible/tmp/ansible-1392231077.68-127674175129160/setup; rm -rf /home/ramessne/.ansible/tmp/ansible-1392231077.68-127674175129160/ >/dev/null 2>&1'
ok: [localhost]

TASK: [Debug un message] ****************************************************** 
<localhost> ESTABLISH CONNECTION FOR USER: ramessne on PORT 22 TO localhost
ok: [localhost] => {
    "msg": "Mon message"
}

TASK: [attente] *************************************************************** 
<localhost> ESTABLISH CONNECTION FOR USER: ramessne on PORT 22 TO localhost
<localhost> EXEC /bin/sh -c 'mkdir -p $HOME/.ansible/tmp/ansible-1392231084.84-207955739486999 && chmod a+rx $HOME/.ansible/tmp/ansible-1392231084.84-207955739486999 && echo $HOME/.ansible/tmp/ansible-1392231084.84-207955739486999'
<localhost> REMOTE_MODULE wait_for path=/home/ramessne/ansible-playbooks/hosts delay=30 timeout=60
<localhost> PUT /tmp/tmpwQX9X9 TO /home/ramessne/.ansible/tmp/ansible-1392231084.84-207955739486999/wait_for
<localhost> EXEC /bin/sh -c '/usr/bin/python /home/ramessne/.ansible/tmp/ansible-1392231084.84-207955739486999/wait_for; rm -rf /home/ramessne/.ansible/tmp/ansible-1392231084.84-207955739486999/ >/dev/null 2>&1'
failed: [localhost] => {"elapsed": 60, "failed": true}
msg: Timeout when waiting for file /home/ramessne/ansible-playbooks/hosts

FATAL: all hosts have already failed -- aborting

PLAY RECAP ******************************************************************** 
           to retry, use: --limit @/home/ramessne/site.retry

localhost                  : ok=2    changed=0    unreachable=0    failed=1   

