
PLAY [local] ****************************************************************** 

GATHERING FACTS *************************************************************** 
<localhost> ESTABLISH CONNECTION FOR USER: ramessne on PORT 22 TO localhost
<localhost> EXEC /bin/sh -c 'mkdir -p $HOME/.ansible/tmp/ansible-1391952547.37-276847523846422 && chmod a+rx $HOME/.ansible/tmp/ansible-1391952547.37-276847523846422 && echo $HOME/.ansible/tmp/ansible-1391952547.37-276847523846422'
<localhost> REMOTE_MODULE setup 
<localhost> PUT /tmp/tmpqFtLtI TO /home/ramessne/.ansible/tmp/ansible-1391952547.37-276847523846422/setup
<localhost> EXEC /bin/sh -c '/usr/bin/python /home/ramessne/.ansible/tmp/ansible-1391952547.37-276847523846422/setup; rm -rf /home/ramessne/.ansible/tmp/ansible-1391952547.37-276847523846422/ >/dev/null 2>&1'
ok: [localhost]

TASK: [Debug un message] ****************************************************** 
<localhost> ESTABLISH CONNECTION FOR USER: ramessne on PORT 22 TO localhost
ok: [localhost] => {
    "msg": "Mon message"
}

TASK: [attente] *************************************************************** 
<localhost> ESTABLISH CONNECTION FOR USER: ramessne on PORT 22 TO localhost
<localhost> EXEC /bin/sh -c 'mkdir -p $HOME/.ansible/tmp/ansible-1391952548.88-158052016965965 && chmod a+rx $HOME/.ansible/tmp/ansible-1391952548.88-158052016965965 && echo $HOME/.ansible/tmp/ansible-1391952548.88-158052016965965'
<localhost> REMOTE_MODULE wait_for path=/home/ramessne/ansible-playbooks/hosts delay=30 timeout=60
<localhost> PUT /tmp/tmpsJl9Z6 TO /home/ramessne/.ansible/tmp/ansible-1391952548.88-158052016965965/wait_for
<localhost> EXEC /bin/sh -c '/usr/bin/python /home/ramessne/.ansible/tmp/ansible-1391952548.88-158052016965965/wait_for; rm -rf /home/ramessne/.ansible/tmp/ansible-1391952548.88-158052016965965/ >/dev/null 2>&1'
failed: [localhost] => {"elapsed": 60, "failed": true}
msg: Timeout when waiting for file /home/ramessne/ansible-playbooks/hosts

FATAL: all hosts have already failed -- aborting

PLAY RECAP ******************************************************************** 
           to retry, use: --limit @/home/ramessne/site.retry

localhost                  : ok=2    changed=0    unreachable=0    failed=1   

